# JRE version: OpenJDK Runtime Environment (8.0_242-b01) (build 1.8.0_242-release-1644-b01)
# Java VM: OpenJDK 64-Bit Server VM (25.242-b01 mixed mode windows-amd64 compressed oops)
Heap:
 PSYoungGen      total 280576K, used 147159K [0x00000000d5580000, 0x00000000e8680000, 0x0000000100000000)
  eden space 263168K, 49% used [0x00000000d5580000,0x00000000dd46e020,0x00000000e5680000)
  from space 17408K, 98% used [0x00000000e7580000,0x00000000e8647dd8,0x00000000e8680000)
  to   space 24064K, 0% used [0x00000000e5780000,0x00000000e5780000,0x00000000e6f00000)
 ParOldGen       total 123904K, used 51909K [0x0000000080000000, 0x0000000087900000, 0x00000000d5580000)
  object space 123904K, 41% used [0x0000000080000000,0x00000000832b1700,0x0000000087900000)
 Metaspace       used 81385K, capacity 85478K, committed 85656K, reserved 1124352K
  class space    used 10947K, capacity 11696K, committed 11696K, reserved 1048576K
GC Heap History (10 events):
Event: 12.853 GC heap before
{Heap before GC invocations=13 (full 2):
 PSYoungGen      total 174592K, used 174532K [0x00000000d5580000, 0x00000000e1100000, 0x0000000100000000)
  eden space 164352K, 100% used [0x00000000d5580000,0x00000000df600000,0x00000000df600000)
  from space 10240K, 99% used [0x00000000e0700000,0x00000000e10f1120,0x00000000e1100000)
  to   space 13312K, 0% used [0x00000000df700000,0x00000000df700000,0x00000000e0400000)
 ParOldGen       total 78848K, used 17469K [0x0000000080000000, 0x0000000084d00000, 0x00000000d5580000)
  object space 78848K, 22% used [0x0000000080000000,0x000000008110f4f0,0x0000000084d00000)
 Metaspace       used 55751K, capacity 58014K, committed 58280K, reserved 1099776K
  class space    used 7613K, capacity 8088K, committed 8112K, reserved 1048576K
Event: 12.900 GC heap after
Heap after GC invocations=13 (full 2):
 PSYoungGen      total 178688K, used 13292K [0x00000000d5580000, 0x00000000e4900000, 0x0000000100000000)
  eden space 165376K, 0% used [0x00000000d5580000,0x00000000d5580000,0x00000000df700000)
  from space 13312K, 99% used [0x00000000df700000,0x00000000e03fb310,0x00000000e0400000)
  to   space 19968K, 0% used [0x00000000e3580000,0x00000000e3580000,0x00000000e4900000)
 ParOldGen       total 78848K, used 30280K [0x0000000080000000, 0x0000000084d00000, 0x00000000d5580000)
  object space 78848K, 38% used [0x0000000080000000,0x0000000081d92250,0x0000000084d00000)
 Metaspace       used 55751K, capacity 58014K, committed 58280K, reserved 1099776K
  class space    used 7613K, capacity 8088K, committed 8112K, reserved 1048576K
}
Event: 13.165 GC heap before
{Heap before GC invocations=14 (full 2):
 PSYoungGen      total 178688K, used 28292K [0x00000000d5580000, 0x00000000e4900000, 0x0000000100000000)
  eden space 165376K, 9% used [0x00000000d5580000,0x00000000d6425d80,0x00000000df700000)
  from space 13312K, 99% used [0x00000000df700000,0x00000000e03fb310,0x00000000e0400000)
  to   space 19968K, 0% used [0x00000000e3580000,0x00000000e3580000,0x00000000e4900000)
 ParOldGen       total 78848K, used 30280K [0x0000000080000000, 0x0000000084d00000, 0x00000000d5580000)
  object space 78848K, 38% used [0x0000000080000000,0x0000000081d92250,0x0000000084d00000)
 Metaspace       used 56755K, capacity 59058K, committed 59160K, reserved 1099776K
  class space    used 7767K, capacity 8234K, committed 8240K, reserved 1048576K
Event: 13.216 GC heap after
Heap after GC invocations=14 (full 2):
 PSYoungGen      total 229376K, used 1504K [0x00000000d5580000, 0x00000000e5d00000, 0x0000000100000000)
  eden space 209408K, 0% used [0x00000000d5580000,0x00000000d5580000,0x00000000e2200000)
  from space 19968K, 7% used [0x00000000e3580000,0x00000000e36f8000,0x00000000e4900000)
  to   space 19968K, 0% used [0x00000000e2200000,0x00000000e2200000,0x00000000e3580000)
 ParOldGen       total 78848K, used 43631K [0x0000000080000000, 0x0000000084d00000, 0x00000000d5580000)
  object space 78848K, 55% used [0x0000000080000000,0x0000000082a9bc90,0x0000000084d00000)
 Metaspace       used 56755K, capacity 59058K, committed 59160K, reserved 1099776K
  class space    used 7767K, capacity 8234K, committed 8240K, reserved 1048576K
}
Event: 13.216 GC heap before
{Heap before GC invocations=15 (full 3):
 PSYoungGen      total 229376K, used 1504K [0x00000000d5580000, 0x00000000e5d00000, 0x0000000100000000)
  eden space 209408K, 0% used [0x00000000d5580000,0x00000000d5580000,0x00000000e2200000)
  from space 19968K, 7% used [0x00000000e3580000,0x00000000e36f8000,0x00000000e4900000)
  to   space 19968K, 0% used [0x00000000e2200000,0x00000000e2200000,0x00000000e3580000)
 ParOldGen       total 78848K, used 43631K [0x0000000080000000, 0x0000000084d00000, 0x00000000d5580000)
  object space 78848K, 55% used [0x0000000080000000,0x0000000082a9bc90,0x0000000084d00000)
 Metaspace       used 56755K, capacity 59058K, committed 59160K, reserved 1099776K
  class space    used 7767K, capacity 8234K, committed 8240K, reserved 1048576K
Event: 13.679 GC heap after
Heap after GC invocations=15 (full 3):
 PSYoungGen      total 229376K, used 0K [0x00000000d5580000, 0x00000000e5d00000, 0x0000000100000000)
  eden space 209408K, 0% used [0x00000000d5580000,0x00000000d5580000,0x00000000e2200000)
  from space 19968K, 0% used [0x00000000e3580000,0x00000000e3580000,0x00000000e4900000)
  to   space 19968K, 0% used [0x00000000e2200000,0x00000000e2200000,0x00000000e3580000)
 ParOldGen       total 123904K, used 39265K [0x0000000080000000, 0x0000000087900000, 0x00000000d5580000)
  object space 123904K, 31% used [0x0000000080000000,0x0000000082658538,0x0000000087900000)
 Metaspace       used 56739K, capacity 59004K, committed 59160K, reserved 1099776K
  class space    used 7762K, capacity 8225K, committed 8240K, reserved 1048576K
}
Event: 19.685 GC heap before
{Heap before GC invocations=16 (full 3):
 PSYoungGen      total 229376K, used 209342K [0x00000000d5580000, 0x00000000e5d00000, 0x0000000100000000)
  eden space 209408K, 99% used [0x00000000d5580000,0x00000000e21efb08,0x00000000e2200000)
  from space 19968K, 0% used [0x00000000e3580000,0x00000000e3580000,0x00000000e4900000)
  to   space 19968K, 0% used [0x00000000e2200000,0x00000000e2200000,0x00000000e3580000)
 ParOldGen       total 123904K, used 39265K [0x0000000080000000, 0x0000000087900000, 0x00000000d5580000)
  object space 123904K, 31% used [0x0000000080000000,0x0000000082658538,0x0000000087900000)
 Metaspace       used 64055K, capacity 67130K, committed 67352K, reserved 1107968K
  class space    used 8808K, capacity 9414K, committed 9520K, reserved 1048576K
Event: 19.736 GC heap after
Heap after GC invocations=16 (full 3):
 PSYoungGen      total 229376K, used 18106K [0x00000000d5580000, 0x00000000e8b80000, 0x0000000100000000)
  eden space 209408K, 0% used [0x00000000d5580000,0x00000000d5580000,0x00000000e2200000)
  from space 19968K, 90% used [0x00000000e2200000,0x00000000e33ae918,0x00000000e3580000)
  to   space 22528K, 0% used [0x00000000e7580000,0x00000000e7580000,0x00000000e8b80000)
 ParOldGen       total 123904K, used 39273K [0x0000000080000000, 0x0000000087900000, 0x00000000d5580000)
  object space 123904K, 31% used [0x0000000080000000,0x000000008265a538,0x0000000087900000)
 Metaspace       used 64055K, capacity 67130K, committed 67352K, reserved 1107968K
  class space    used 8808K, capacity 9414K, committed 9520K, reserved 1048576K
}
Event: 2759.225 GC heap before
{Heap before GC invocations=17 (full 3):
 PSYoungGen      total 229376K, used 227514K [0x00000000d5580000, 0x00000000e8b80000, 0x0000000100000000)
  eden space 209408K, 100% used [0x00000000d5580000,0x00000000e2200000,0x00000000e2200000)
  from space 19968K, 90% used [0x00000000e2200000,0x00000000e33ae918,0x00000000e3580000)
  to   space 22528K, 0% used [0x00000000e7580000,0x00000000e7580000,0x00000000e8b80000)
 ParOldGen       total 123904K, used 39273K [0x0000000080000000, 0x0000000087900000, 0x00000000d5580000)
  object space 123904K, 31% used [0x0000000080000000,0x000000008265a538,0x0000000087900000)
 Metaspace       used 71756K, capacity 75016K, committed 75160K, reserved 1114112K
  class space    used 9506K, capacity 10131K, committed 10160K, reserved 1048576K
Event: 2759.463 GC heap after
Heap after GC invocations=17 (full 3):
 PSYoungGen      total 280576K, used 17183K [0x00000000d5580000, 0x00000000e8680000, 0x0000000100000000)
  eden space 263168K, 0% used [0x00000000d5580000,0x00000000d5580000,0x00000000e5680000)
  from space 17408K, 98% used [0x00000000e7580000,0x00000000e8647dd8,0x00000000e8680000)
  to   space 24064K, 0% used [0x00000000e5780000,0x00000000e5780000,0x00000000e6f00000)
 ParOldGen       total 123904K, used 51909K [0x0000000080000000, 0x0000000087900000, 0x00000000d5580000)
  object space 123904K, 41% used [0x0000000080000000,0x00000000832b1700,0x0000000087900000)
 Metaspace       used 71756K, capacity 75016K, committed 75160K, reserved 1114112K
  class space    used 9506K, capacity 10131K, committed 10160K, reserved 1048576K
}

